2020-12-18 00:04:41.046  INFO 24336 --- [AsyncResolver-bootstrap-executor-0] c.n.d.s.r.aws.ConfigClusterResolver      : Resolving eureka endpoints via configuration
2020-12-18 00:09:41.072  INFO 24336 --- [AsyncResolver-bootstrap-executor-0] c.n.d.s.r.aws.ConfigClusterResolver      : Resolving eureka endpoints via configuration
2020-12-18 00:14:41.075  INFO 24336 --- [AsyncResolver-bootstrap-executor-0] c.n.d.s.r.aws.ConfigClusterResolver      : Resolving eureka endpoints via configuration
2020-12-18 00:19:41.078  INFO 24336 --- [AsyncResolver-bootstrap-executor-0] c.n.d.s.r.aws.ConfigClusterResolver      : Resolving eureka endpoints via configuration
2020-12-18 00:24:41.134  INFO 24336 --- [AsyncResolver-bootstrap-executor-0] c.n.d.s.r.aws.ConfigClusterResolver      : Resolving eureka endpoints via configuration
2020-12-18 00:29:41.137  INFO 24336 --- [AsyncResolver-bootstrap-executor-0] c.n.d.s.r.aws.ConfigClusterResolver      : Resolving eureka endpoints via configuration
2020-12-18 00:30:09.733  INFO 24336 --- [RMI TCP Connection(65)-127.0.0.1] inMXBeanRegistrar$SpringApplicationAdmin : Application shutdown requested.
2020-12-18 00:30:09.736  INFO 24336 --- [RMI TCP Connection(65)-127.0.0.1] o.s.c.n.e.s.EurekaServiceRegistry        : Unregistering application ALBUMS-WS with eureka with status DOWN
2020-12-18 00:30:09.737  WARN 24336 --- [RMI TCP Connection(65)-127.0.0.1] com.netflix.discovery.DiscoveryClient    : Saw local status change event StatusChangeEvent [timestamp=1608231609737, current=DOWN, previous=UP]
2020-12-18 00:30:09.738  INFO 24336 --- [DiscoveryClient-InstanceInfoReplicator-0] com.netflix.discovery.DiscoveryClient    : DiscoveryClient_ALBUMS-WS/albums-ws:48419a2e15ebbf9bfd5eb4ff6dc677d7: registering service...
2020-12-18 00:30:09.747  INFO 24336 --- [DiscoveryClient-InstanceInfoReplicator-0] com.netflix.discovery.DiscoveryClient    : DiscoveryClient_ALBUMS-WS/albums-ws:48419a2e15ebbf9bfd5eb4ff6dc677d7 - registration status: 204
2020-12-18 00:30:09.750  INFO 24336 --- [RMI TCP Connection(65)-127.0.0.1] o.s.s.concurrent.ThreadPoolTaskExecutor  : Shutting down ExecutorService 'applicationTaskExecutor'
2020-12-18 00:30:09.759  INFO 24336 --- [RMI TCP Connection(65)-127.0.0.1] com.netflix.discovery.DiscoveryClient    : Shutting down DiscoveryClient ...
2020-12-18 00:31:12.494  INFO 22524 --- [restartedMain] c.a.p.a.a.PhotoAppApiAlbumsApplication   : No active profile set, falling back to default profiles: default
2020-12-18 00:31:13.295  WARN 22524 --- [restartedMain] o.s.boot.actuate.endpoint.EndpointId     : Endpoint ID 'service-registry' contains invalid characters, please migrate to a valid format.
2020-12-18 00:31:13.461  INFO 22524 --- [restartedMain] o.s.cloud.context.scope.GenericScope     : BeanFactory id=fce5687c-8caa-3de7-86f9-d6b89e9c58f8
2020-12-18 00:31:13.533  INFO 22524 --- [restartedMain] trationDelegate$BeanPostProcessorChecker : Bean 'org.springframework.cloud.autoconfigure.ConfigurationPropertiesRebinderAutoConfiguration' of type [org.springframework.cloud.autoconfigure.ConfigurationPropertiesRebinderAutoConfiguration$$EnhancerBySpringCGLIB$$544ae6b5] is not eligible for getting processed by all BeanPostProcessors (for example: not eligible for auto-proxying)
2020-12-18 00:31:14.062  INFO 22524 --- [restartedMain] o.s.b.w.embedded.tomcat.TomcatWebServer  : Tomcat initialized with port(s): 0 (http)
2020-12-18 00:31:14.085  INFO 22524 --- [restartedMain] o.apache.catalina.core.StandardService   : Starting service [Tomcat]
2020-12-18 00:31:14.085  INFO 22524 --- [restartedMain] org.apache.catalina.core.StandardEngine  : Starting Servlet engine: [Apache Tomcat/9.0.14]
2020-12-18 00:31:14.096  INFO 22524 --- [restartedMain] o.a.catalina.core.AprLifecycleListener   : The APR based Apache Tomcat Native library which allows optimal performance in production environments was not found on the java.library.path: [C:\Users\Bipin.Chandra\Documents\Personal\FutureMe\Learning\HandsOn\STS\sts-4.8.1.RELEASE\plugins\org.eclipse.justj.openjdk.hotspot.jre.full.win32.x86_64_15.0.0.v20201014-1246\jre\bin;C:\WINDOWS\Sun\Java\bin;C:\WINDOWS\system32;C:\WINDOWS;C:/Users/Bipin.Chandra/Documents/Personal/FutureMe/Learning/HandsOn/STS/sts-4.8.1.RELEASE//plugins/org.eclipse.justj.openjdk.hotspot.jre.full.win32.x86_64_15.0.0.v20201014-1246/jre/bin/server;C:/Users/Bipin.Chandra/Documents/Personal/FutureMe/Learning/HandsOn/STS/sts-4.8.1.RELEASE//plugins/org.eclipse.justj.openjdk.hotspot.jre.full.win32.x86_64_15.0.0.v20201014-1246/jre/bin;C:\Program Files\Java\jdk1.8.0_221\bin;C:\Program Files (x86)\Common Files\Oracle\Java\javapath;C:\Program Files (x86)\Intel\Intel(R) Management Engine Components\iCLS\;C:\Program Files\Intel\Intel(R) Management Engine Components\iCLS\;C:\Windows\system32;C:\Windows;C:\Windows\System32\Wbem;C:\Windows\System32\WindowsPowerShell\v1.0\;C:\Windows\System32\OpenSSH\;C:\Program Files (x86)\Intel\Intel(R) Management Engine Components\DAL;C:\Program Files\Intel\Intel(R) Management Engine Components\DAL;C:\Program Files\PuTTY\;C:\Program Files (x86)\Sennheiser\SoftphoneSDK\;C:\Program Files\Amazon\AWSCLI\bin\;C:\Program Files\NVIDIA Corporation\NVIDIA NvDLISR;C:\Program Files\Git\cmd;C:\WINDOWS\system32;C:\WINDOWS;C:\WINDOWS\System32\Wbem;C:\WINDOWS\System32\WindowsPowerShell\v1.0\;C:\WINDOWS\System32\OpenSSH\;C:\Program Files\Intel\WiFi\bin\;C:\Program Files\Common Files\Intel\WirelessCommon\;;C:\Program Files\Docker\Docker\resources\bin;C:\ProgramData\DockerDesktop\version-bin;C:\Users\Bipin.Chandra\Documents\Personal\FutureMe\Learning\HandsOn\jdk-11.0.9\bin;C:\Users\Bipin.Chandra\AppData\Local\Microsoft\WindowsApps;C:\Users\Bipin.Chandra\AppData\Local\Programs\Fiddler;C:\Users\Bipin.Chandra\AppData\Local\Microsoft\WindowsApps;C:\Program Files\Java\jdk1.8.0_221\bin;C:\kube;;C:\Users\Bipin.Chandra\Documents\Personal\FutureMe\Learning\HandsOn\STS\sts-4.8.1.RELEASE;;.]
2020-12-18 00:31:14.238  INFO 22524 --- [restartedMain] o.a.c.c.C.[Tomcat].[localhost].[/]       : Initializing Spring embedded WebApplicationContext
2020-12-18 00:31:14.238  INFO 22524 --- [restartedMain] o.s.web.context.ContextLoader            : Root WebApplicationContext: initialization completed in 1733 ms
2020-12-18 00:31:14.327  WARN 22524 --- [restartedMain] c.n.c.sources.URLConfigurationSource     : No URLs will be polled as dynamic configuration sources.
2020-12-18 00:31:14.327  INFO 22524 --- [restartedMain] c.n.c.sources.URLConfigurationSource     : To enable URLs as dynamic configuration sources, define System property archaius.configurationSource.additionalUrls or make config.properties available on classpath.
2020-12-18 00:31:14.344  INFO 22524 --- [restartedMain] c.netflix.config.DynamicPropertyFactory  : DynamicPropertyFactory is initialized with configuration sources: com.netflix.config.ConcurrentCompositeConfiguration@23855035
2020-12-18 00:31:16.197  INFO 22524 --- [restartedMain] o.s.cloud.commons.util.InetUtils         : Cannot determine local hostname
2020-12-18 00:31:16.515  WARN 22524 --- [restartedMain] c.n.c.sources.URLConfigurationSource     : No URLs will be polled as dynamic configuration sources.
2020-12-18 00:31:16.516  INFO 22524 --- [restartedMain] c.n.c.sources.URLConfigurationSource     : To enable URLs as dynamic configuration sources, define System property archaius.configurationSource.additionalUrls or make config.properties available on classpath.
2020-12-18 00:31:16.915  INFO 22524 --- [restartedMain] o.s.s.concurrent.ThreadPoolTaskExecutor  : Initializing ExecutorService 'applicationTaskExecutor'
2020-12-18 00:31:17.727  WARN 22524 --- [restartedMain] o.s.b.d.a.OptionalLiveReloadServer       : Unable to start LiveReload server
2020-12-18 00:31:20.182  INFO 22524 --- [RMI TCP Connection(1)-127.0.0.1] o.a.c.c.C.[Tomcat].[localhost].[/]       : Initializing Spring DispatcherServlet 'dispatcherServlet'
2020-12-18 00:31:20.183  INFO 22524 --- [RMI TCP Connection(1)-127.0.0.1] o.s.web.servlet.DispatcherServlet        : Initializing Servlet 'dispatcherServlet'
2020-12-18 00:31:20.286  INFO 22524 --- [restartedMain] o.s.b.a.e.web.EndpointLinksResolver      : Exposing 2 endpoint(s) beneath base path '/actuator'
2020-12-18 00:31:20.329  INFO 22524 --- [RMI TCP Connection(1)-127.0.0.1] o.s.web.servlet.DispatcherServlet        : Completed initialization in 145 ms
2020-12-18 00:31:20.547  INFO 22524 --- [restartedMain] o.s.b.w.embedded.tomcat.TomcatWebServer  : Tomcat started on port(s): 52818 (http) with context path ''
2020-12-18 00:31:20.548  INFO 22524 --- [restartedMain] .s.c.n.e.s.EurekaAutoServiceRegistration : Updating port to 52818
2020-12-18 00:31:20.556  INFO 22524 --- [restartedMain] o.s.c.n.eureka.InstanceInfoFactory       : Setting initial instance status as: STARTING
2020-12-18 00:31:20.670  INFO 22524 --- [restartedMain] com.netflix.discovery.DiscoveryClient    : Initializing Eureka in region us-east-1
2020-12-18 00:31:21.145  INFO 22524 --- [restartedMain] c.n.d.provider.DiscoveryJerseyProvider   : Using JSON encoding codec LegacyJacksonJson
2020-12-18 00:31:21.147  INFO 22524 --- [restartedMain] c.n.d.provider.DiscoveryJerseyProvider   : Using JSON decoding codec LegacyJacksonJson
2020-12-18 00:31:21.606  INFO 22524 --- [restartedMain] c.n.d.provider.DiscoveryJerseyProvider   : Using XML encoding codec XStreamXml
2020-12-18 00:31:21.606  INFO 22524 --- [restartedMain] c.n.d.provider.DiscoveryJerseyProvider   : Using XML decoding codec XStreamXml
2020-12-18 00:31:22.345  INFO 22524 --- [restartedMain] c.n.d.s.r.aws.ConfigClusterResolver      : Resolving eureka endpoints via configuration
2020-12-18 00:31:22.479  INFO 22524 --- [restartedMain] com.netflix.discovery.DiscoveryClient    : Disable delta property : false
2020-12-18 00:31:22.480  INFO 22524 --- [restartedMain] com.netflix.discovery.DiscoveryClient    : Single vip registry refresh property : null
2020-12-18 00:31:22.480  INFO 22524 --- [restartedMain] com.netflix.discovery.DiscoveryClient    : Force full registry fetch : false
2020-12-18 00:31:22.481  INFO 22524 --- [restartedMain] com.netflix.discovery.DiscoveryClient    : Application is null : false
2020-12-18 00:31:22.481  INFO 22524 --- [restartedMain] com.netflix.discovery.DiscoveryClient    : Registered Applications size is zero : true
2020-12-18 00:31:22.482  INFO 22524 --- [restartedMain] com.netflix.discovery.DiscoveryClient    : Application version is -1: true
2020-12-18 00:31:22.483  INFO 22524 --- [restartedMain] com.netflix.discovery.DiscoveryClient    : Getting all instance registry info from the eureka server
2020-12-18 00:31:22.759  INFO 22524 --- [restartedMain] com.netflix.discovery.DiscoveryClient    : The response status is 200
